<?xml version="1.0" encoding="UTF-8"?>
<testsuite name="br.com.devdojo.StudentRepositoryTestTest" time="0.029" tests="7" errors="7" skipped="0" failures="0">
  <properties>
[...]
</properties>
  <testcase name="testCreateWhenEmailIsNotValidShouldThrowConstraintViolationException" classname="br.com.devdojo.StudentRepositoryTestTest" time="0.024">
    <error type="java.lang.NullPointerException:">java.lang.NullPointerException: null
	at br.com.devdojo.StudentRepositoryTest.createWhenEmailIsNotValidShouldThrowConstraintViolationException(StudentRepositoryTest.java:104)
	at br.com.devdojo.StudentRepositoryTestTest.testCreateWhenEmailIsNotValidShouldThrowConstraintViolationException(StudentRepositoryTestTest.java:119)
</error>
    <system-out><![CDATA[createWhenEmailIsNotValidShouldThrowConstraintViolationException
]]></system-out>
  </testcase>
  <testcase name="testCreateShouldPersistData" classname="br.com.devdojo.StudentRepositoryTestTest" time="0">
    <error type="java.lang.NullPointerException:">java.lang.NullPointerException: null
	at br.com.devdojo.StudentRepositoryTest.createShouldPersistData(StudentRepositoryTest.java:35)
	at br.com.devdojo.StudentRepositoryTestTest.testCreateShouldPersistData(StudentRepositoryTestTest.java:47)
</error>
    <system-out><![CDATA[createShouldPersistData
]]></system-out>
  </testcase>
  <testcase name="testCreateWhenEmailIsNullShouldThrowConstraintViolationException" classname="br.com.devdojo.StudentRepositoryTestTest" time="0.001">
    <error type="java.lang.NullPointerException:">java.lang.NullPointerException: null
	at br.com.devdojo.StudentRepositoryTest.createWhenEmailIsNullShouldThrowConstraintViolationException(StudentRepositoryTest.java:93)
	at br.com.devdojo.StudentRepositoryTestTest.testCreateWhenEmailIsNullShouldThrowConstraintViolationException(StudentRepositoryTestTest.java:107)
</error>
    <system-out><![CDATA[createWhenEmailIsNullShouldThrowConstraintViolationException
]]></system-out>
  </testcase>
  <testcase name="testCreateWhenNameIsNullShouldThrowConstraintViolationException" classname="br.com.devdojo.StudentRepositoryTestTest" time="0.001">
    <error type="java.lang.NullPointerException:">java.lang.NullPointerException: null
	at br.com.devdojo.StudentRepositoryTest.createWhenNameIsNullShouldThrowConstraintViolationException(StudentRepositoryTest.java:84)
	at br.com.devdojo.StudentRepositoryTestTest.testCreateWhenNameIsNullShouldThrowConstraintViolationException(StudentRepositoryTestTest.java:95)
</error>
    <system-out><![CDATA[createWhenNameIsNullShouldThrowConstraintViolationException
]]></system-out>
  </testcase>
  <testcase name="testDeleteShouldRemoveData" classname="br.com.devdojo.StudentRepositoryTestTest" time="0.001">
    <error type="java.lang.NullPointerException:">java.lang.NullPointerException: null
	at br.com.devdojo.StudentRepositoryTest.deleteShouldRemoveData(StudentRepositoryTest.java:45)
	at br.com.devdojo.StudentRepositoryTestTest.testDeleteShouldRemoveData(StudentRepositoryTestTest.java:59)
</error>
    <system-out><![CDATA[deleteShouldRemoveData
]]></system-out>
  </testcase>
  <testcase name="testUpdateShouldChangeAndPersistData" classname="br.com.devdojo.StudentRepositoryTestTest" time="0">
    <error type="java.lang.NullPointerException:">java.lang.NullPointerException: null
	at br.com.devdojo.StudentRepositoryTest.updateShouldChangeAndPersistData(StudentRepositoryTest.java:54)
	at br.com.devdojo.StudentRepositoryTestTest.testUpdateShouldChangeAndPersistData(StudentRepositoryTestTest.java:71)
</error>
    <system-out><![CDATA[updateShouldChangeAndPersistData
]]></system-out>
  </testcase>
  <testcase name="testFindByNameIgnoreCaseContainingShouldIgnoreCase" classname="br.com.devdojo.StudentRepositoryTestTest" time="0.002">
    <error type="java.lang.NullPointerException:">java.lang.NullPointerException: null
	at br.com.devdojo.StudentRepositoryTest.findByNameIgnoreCaseContainingShouldIgnoreCase(StudentRepositoryTest.java:69)
	at br.com.devdojo.StudentRepositoryTestTest.testFindByNameIgnoreCaseContainingShouldIgnoreCase(StudentRepositoryTestTest.java:83)
</error>
    <system-out><![CDATA[findByNameIgnoreCaseContainingShouldIgnoreCase
]]></system-out>
  </testcase>
</testsuite>