<?xml version="1.0" encoding="UTF-8"?>
<testsuite name="br.com.devdojo.StudentEndpointTest" time="0.007" tests="1" errors="1" skipped="0" failures="0">
  <properties>
[...]
</properties>
  <testcase name="initializationError" classname="br.com.devdojo.StudentEndpointTest" time="0.007">
    <error message="Unable to find a @SpringBootConfiguration, you need to use @ContextConfiguration or @SpringBootTest(classes=...) with your test" type="java.lang.IllegalStateException"><![CDATA[java.lang.IllegalStateException: Unable to find a @SpringBootConfiguration, you need to use @ContextConfiguration or @SpringBootTest(classes=...) with your test
	at org.springframework.util.Assert.state(Assert.java:70)
	at org.springframework.boot.test.context.SpringBootTestContextBootstrapper.getOrFindConfigurationClasses(SpringBootTestContextBootstrapper.java:202)
	at org.springframework.boot.test.context.SpringBootTestContextBootstrapper.processMergedContextConfiguration(SpringBootTestContextBootstrapper.java:137)
	at org.springframework.test.context.support.AbstractTestContextBootstrapper.buildMergedContextConfiguration(AbstractTestContextBootstrapper.java:397)
	at org.springframework.test.context.support.AbstractTestContextBootstrapper.buildDefaultMergedContextConfiguration(AbstractTestContextBootstrapper.java:311)
	at org.springframework.test.context.support.AbstractTestContextBootstrapper.buildMergedContextConfiguration(AbstractTestContextBootstrapper.java:265)
	at org.springframework.test.context.support.AbstractTestContextBootstrapper.buildTestContext(AbstractTestContextBootstrapper.java:105)
	at org.springframework.boot.test.context.SpringBootTestContextBootstrapper.buildTestContext(SpringBootTestContextBootstrapper.java:82)
	at org.springframework.test.context.TestContextManager.<init>(TestContextManager.java:120)
	at org.springframework.test.context.TestContextManager.<init>(TestContextManager.java:105)
	at org.springframework.test.context.junit4.SpringJUnit4ClassRunner.createTestContextManager(SpringJUnit4ClassRunner.java:152)
	at org.springframework.test.context.junit4.SpringJUnit4ClassRunner.<init>(SpringJUnit4ClassRunner.java:143)
	at org.springframework.test.context.junit4.SpringRunner.<init>(SpringRunner.java:49)
	at sun.reflect.NativeConstructorAccessorImpl.newInstance0(Native Method)
	at sun.reflect.NativeConstructorAccessorImpl.newInstance(NativeConstructorAccessorImpl.java:62)
	at sun.reflect.DelegatingConstructorAccessorImpl.newInstance(DelegatingConstructorAccessorImpl.java:45)
	at java.lang.reflect.Constructor.newInstance(Constructor.java:423)
	at org.junit.internal.builders.AnnotatedBuilder.buildRunner(AnnotatedBuilder.java:104)
	at org.junit.internal.builders.AnnotatedBuilder.runnerForClass(AnnotatedBuilder.java:86)
	at org.junit.runners.model.RunnerBuilder.safeRunnerForClass(RunnerBuilder.java:59)
	at org.junit.internal.builders.AllDefaultPossibilitiesBuilder.runnerForClass(AllDefaultPossibilitiesBuilder.java:26)
	at org.junit.runners.model.RunnerBuilder.safeRunnerForClass(RunnerBuilder.java:59)
	at org.junit.internal.requests.ClassRequest.getRunner(ClassRequest.java:33)
	at org.apache.maven.surefire.junit4.JUnit4Provider.execute(JUnit4Provider.java:283)
	at org.apache.maven.surefire.junit4.JUnit4Provider.executeWithRerun(JUnit4Provider.java:173)
	at org.apache.maven.surefire.junit4.JUnit4Provider.executeTestSet(JUnit4Provider.java:153)
	at org.apache.maven.surefire.junit4.JUnit4Provider.invoke(JUnit4Provider.java:128)
	at org.apache.maven.surefire.booter.ForkedBooter.invokeProviderInSameClassLoader(ForkedBooter.java:203)
	at org.apache.maven.surefire.booter.ForkedBooter.runSuitesInProcess(ForkedBooter.java:155)
	at org.apache.maven.surefire.booter.ForkedBooter.main(ForkedBooter.java:103)
]]></error>
    <system-out><![CDATA[10:38:33.761 [main] DEBUG org.springframework.test.context.junit4.SpringJUnit4ClassRunner - SpringJUnit4ClassRunner constructor called with [class br.com.devdojo.StudentEndpointTest]
10:38:33.776 [main] DEBUG org.springframework.test.context.BootstrapUtils - Instantiating CacheAwareContextLoaderDelegate from class [org.springframework.test.context.cache.DefaultCacheAwareContextLoaderDelegate]
10:38:33.788 [main] DEBUG org.springframework.test.context.BootstrapUtils - Instantiating BootstrapContext using constructor [public org.springframework.test.context.support.DefaultBootstrapContext(java.lang.Class,org.springframework.test.context.CacheAwareContextLoaderDelegate)]
10:38:33.814 [main] DEBUG org.springframework.test.context.BootstrapUtils - Instantiating TestContextBootstrapper for test class [br.com.devdojo.StudentEndpointTest] from class [org.springframework.boot.test.context.SpringBootTestContextBootstrapper]
10:38:33.829 [main] INFO org.springframework.boot.test.context.SpringBootTestContextBootstrapper - Neither @ContextConfiguration nor @ContextHierarchy found for test class [br.com.devdojo.StudentEndpointTest], using SpringBootContextLoader
10:38:33.833 [main] DEBUG org.springframework.test.context.support.AbstractContextLoader - Did not detect default resource location for test class [br.com.devdojo.StudentEndpointTest]: class path resource [br/com/devdojo/StudentEndpointTest-context.xml] does not exist
10:38:33.833 [main] DEBUG org.springframework.test.context.support.AbstractContextLoader - Did not detect default resource location for test class [br.com.devdojo.StudentEndpointTest]: class path resource [br/com/devdojo/StudentEndpointTestContext.groovy] does not exist
10:38:33.834 [main] INFO org.springframework.test.context.support.AbstractContextLoader - Could not detect default resource locations for test class [br.com.devdojo.StudentEndpointTest]: no resource found for suffixes {-context.xml, Context.groovy}.
10:38:33.918 [main] DEBUG org.springframework.test.context.support.ActiveProfilesUtils - Could not find an 'annotation declaring class' for annotation type [org.springframework.test.context.ActiveProfiles] and class [br.com.devdojo.StudentEndpointTest]
10:38:33.924 [main] DEBUG org.springframework.core.env.StandardEnvironment - Adding PropertySource 'systemProperties' with lowest search precedence
10:38:33.925 [main] DEBUG org.springframework.core.env.StandardEnvironment - Adding PropertySource 'systemEnvironment' with lowest search precedence
10:38:33.926 [main] DEBUG org.springframework.core.env.StandardEnvironment - Initialized StandardEnvironment with PropertySources [MapPropertySource@376416077 {name='systemProperties', properties={java.runtime.name=Java(TM) SE Runtime Environment, sun.boot.library.path=/usr/local/jdk1.8.0_111/jre/lib/amd64, java.vm.version=25.111-b14, java.vm.vendor=Oracle Corporation, java.vendor.url=http://java.oracle.com/, path.separator=:, java.vm.name=Java HotSpot(TM) 64-Bit Server VM, file.encoding.pkg=sun.io, user.country=BR, sun.java.launcher=SUN_STANDARD, sun.os.patch.level=unknown, test=br.com.devdojo.StudentEndpointTest, java.vm.specification.name=Java Virtual Machine Specification, user.dir=/home/henrique/SpringBoot/SpringBoot2, java.runtime.version=1.8.0_111-b14, basedir=/home/henrique/SpringBoot/SpringBoot2, java.awt.graphicsenv=sun.awt.X11GraphicsEnvironment, java.endorsed.dirs=/usr/local/jdk1.8.0_111/jre/lib/endorsed, os.arch=amd64, surefire.real.class.path=/home/henrique/SpringBoot/SpringBoot2/target/surefire/surefirebooter1202776271071746198.jar, java.io.tmpdir=/tmp, line.separator=
, java.vm.specification.vendor=Oracle Corporation, os.name=Linux, maven.ext.class.path=/home/henrique/netbeans-8.0.1/java/maven-nblib/netbeans-eventspy.jar, sun.jnu.encoding=UTF-8, java.library.path=/usr/local/jdk1.8.0_111/jre/lib/amd64:/usr/local/jdk1.8.0_111/jre/lib/i386::/usr/java/packages/lib/amd64:/usr/lib64:/lib64:/lib:/usr/lib, surefire.test.class.path=/home/henrique/SpringBoot/SpringBoot2/target/test-classes:/home/henrique/SpringBoot/SpringBoot2/target/classes:/home/henrique/.m2/repository/org/springframework/boot/spring-boot-starter-web/1.5.19.RELEASE/spring-boot-starter-web-1.5.19.RELEASE.jar:/home/henrique/.m2/repository/org/springframework/boot/spring-boot-starter/1.5.19.RELEASE/spring-boot-starter-1.5.19.RELEASE.jar:/home/henrique/.m2/repository/org/springframework/boot/spring-boot-starter-logging/1.5.19.RELEASE/spring-boot-starter-logging-1.5.19.RELEASE.jar:/home/henrique/.m2/repository/ch/qos/logback/logback-classic/1.1.11/logback-classic-1.1.11.jar:/home/henrique/.m2/repository/ch/qos/logback/logback-core/1.1.11/logback-core-1.1.11.jar:/home/henrique/.m2/repository/org/slf4j/jul-to-slf4j/1.7.25/jul-to-slf4j-1.7.25.jar:/home/henrique/.m2/repository/org/slf4j/log4j-over-slf4j/1.7.25/log4j-over-slf4j-1.7.25.jar:/home/henrique/.m2/repository/org/yaml/snakeyaml/1.17/snakeyaml-1.17.jar:/home/henrique/.m2/repository/org/springframework/boot/spring-boot-starter-tomcat/1.5.19.RELEASE/spring-boot-starter-tomcat-1.5.19.RELEASE.jar:/home/henrique/.m2/repository/org/apache/tomcat/embed/tomcat-embed-core/8.5.37/tomcat-embed-core-8.5.37.jar:/home/henrique/.m2/repository/org/apache/tomcat/tomcat-annotations-api/8.5.37/tomcat-annotations-api-8.5.37.jar:/home/henrique/.m2/repository/org/apache/tomcat/embed/tomcat-embed-el/8.5.37/tomcat-embed-el-8.5.37.jar:/home/henrique/.m2/repository/org/apache/tomcat/embed/tomcat-embed-websocket/8.5.37/tomcat-embed-websocket-8.5.37.jar:/home/henrique/.m2/repository/org/hibernate/hibernate-validator/5.3.6.Final/hibernate-validator-5.3.6.Final.jar:/home/henrique/.m2/repository/javax/validation/validation-api/1.1.0.Final/validation-api-1.1.0.Final.jar:/home/henrique/.m2/repository/org/jboss/logging/jboss-logging/3.3.2.Final/jboss-logging-3.3.2.Final.jar:/home/henrique/.m2/repository/com/fasterxml/classmate/1.3.4/classmate-1.3.4.jar:/home/henrique/.m2/repository/com/fasterxml/jackson/core/jackson-databind/2.8.11.3/jackson-databind-2.8.11.3.jar:/home/henrique/.m2/repository/com/fasterxml/jackson/core/jackson-annotations/2.8.0/jackson-annotations-2.8.0.jar:/home/henrique/.m2/repository/com/fasterxml/jackson/core/jackson-core/2.8.11/jackson-core-2.8.11.jar:/home/henrique/.m2/repository/org/springframework/spring-web/4.3.22.RELEASE/spring-web-4.3.22.RELEASE.jar:/home/henrique/.m2/repository/org/springframework/spring-webmvc/4.3.22.RELEASE/spring-webmvc-4.3.22.RELEASE.jar:/home/henrique/.m2/repository/org/springframework/boot/spring-boot-devtools/1.5.19.RELEASE/spring-boot-devtools-1.5.19.RELEASE.jar:/home/henrique/.m2/repository/org/springframework/boot/spring-boot/1.5.19.RELEASE/spring-boot-1.5.19.RELEASE.jar:/home/henrique/.m2/repository/org/springframework/boot/spring-boot-autoconfigure/1.5.19.RELEASE/spring-boot-autoconfigure-1.5.19.RELEASE.jar:/home/henrique/.m2/repository/org/springframework/boot/spring-boot-starter-test/1.5.19.RELEASE/spring-boot-starter-test-1.5.19.RELEASE.jar:/home/henrique/.m2/repository/org/springframework/boot/spring-boot-test/1.5.19.RELEASE/spring-boot-test-1.5.19.RELEASE.jar:/home/henrique/.m2/repository/com/jayway/jsonpath/json-path/2.2.0/json-path-2.2.0.jar:/home/henrique/.m2/repository/net/minidev/json-smart/2.2.1/json-smart-2.2.1.jar:/home/henrique/.m2/repository/net/minidev/accessors-smart/1.1/accessors-smart-1.1.jar:/home/henrique/.m2/repository/org/ow2/asm/asm/5.0.3/asm-5.0.3.jar:/home/henrique/.m2/repository/org/slf4j/slf4j-api/1.7.25/slf4j-api-1.7.25.jar:/home/henrique/.m2/repository/org/mockito/mockito-core/1.10.19/mockito-core-1.10.19.jar:/home/henrique/.m2/repository/org/objenesis/objenesis/2.1/objenesis-2.1.jar:/home/henrique/.m2/repository/org/hamcrest/hamcrest-core/1.3/hamcrest-core-1.3.jar:/home/henrique/.m2/repository/org/hamcrest/hamcrest-library/1.3/hamcrest-library-1.3.jar:/home/henrique/.m2/repository/org/skyscreamer/jsonassert/1.4.0/jsonassert-1.4.0.jar:/home/henrique/.m2/repository/com/vaadin/external/google/android-json/0.0.20131108.vaadin1/android-json-0.0.20131108.vaadin1.jar:/home/henrique/.m2/repository/org/springframework/spring-core/4.3.22.RELEASE/spring-core-4.3.22.RELEASE.jar:/home/henrique/.m2/repository/org/springframework/boot/spring-boot-starter-security/1.5.19.RELEASE/spring-boot-starter-security-1.5.19.RELEASE.jar:/home/henrique/.m2/repository/org/springframework/spring-aop/4.3.22.RELEASE/spring-aop-4.3.22.RELEASE.jar:/home/henrique/.m2/repository/org/springframework/security/spring-security-test/4.2.11.RELEASE/spring-security-test-4.2.11.RELEASE.jar:/home/henrique/.m2/repository/org/springframework/security/spring-security-core/4.2.11.RELEASE/spring-security-core-4.2.11.RELEASE.jar:/home/henrique/.m2/repository/commons-io/commons-io/2.5/commons-io-2.5.jar:/home/henrique/.m2/repository/com/h2database/h2/1.4.197/h2-1.4.197.jar:/home/henrique/.m2/repository/org/springframework/boot/spring-boot-starter-data-jpa/1.5.19.RELEASE/spring-boot-starter-data-jpa-1.5.19.RELEASE.jar:/home/henrique/.m2/repository/org/springframework/boot/spring-boot-starter-aop/1.5.19.RELEASE/spring-boot-starter-aop-1.5.19.RELEASE.jar:/home/henrique/.m2/repository/org/aspectj/aspectjweaver/1.8.13/aspectjweaver-1.8.13.jar:/home/henrique/.m2/repository/org/springframework/boot/spring-boot-starter-jdbc/1.5.19.RELEASE/spring-boot-starter-jdbc-1.5.19.RELEASE.jar:/home/henrique/.m2/repository/org/apache/tomcat/tomcat-jdbc/8.5.37/tomcat-jdbc-8.5.37.jar:/home/henrique/.m2/repository/org/apache/tomcat/tomcat-juli/8.5.37/tomcat-juli-8.5.37.jar:/home/henrique/.m2/repository/org/springframework/spring-jdbc/4.3.22.RELEASE/spring-jdbc-4.3.22.RELEASE.jar:/home/henrique/.m2/repository/org/hibernate/hibernate-core/5.0.12.Final/hibernate-core-5.0.12.Final.jar:/home/henrique/.m2/repository/org/hibernate/javax/persistence/hibernate-jpa-2.1-api/1.0.0.Final/hibernate-jpa-2.1-api-1.0.0.Final.jar:/home/henrique/.m2/repository/org/javassist/javassist/3.21.0-GA/javassist-3.21.0-GA.jar:/home/henrique/.m2/repository/antlr/antlr/2.7.7/antlr-2.7.7.jar:/home/henrique/.m2/repository/org/jboss/jandex/2.0.0.Final/jandex-2.0.0.Final.jar:/home/henrique/.m2/repository/dom4j/dom4j/1.6.1/dom4j-1.6.1.jar:/home/henrique/.m2/repository/org/hibernate/common/hibernate-commons-annotations/5.0.1.Final/hibernate-commons-annotations-5.0.1.Final.jar:/home/henrique/.m2/repository/org/hibernate/hibernate-entitymanager/5.0.12.Final/hibernate-entitymanager-5.0.12.Final.jar:/home/henrique/.m2/repository/javax/transaction/javax.transaction-api/1.2/javax.transaction-api-1.2.jar:/home/henrique/.m2/repository/org/springframework/data/spring-data-jpa/1.11.18.RELEASE/spring-data-jpa-1.11.18.RELEASE.jar:/home/henrique/.m2/repository/org/springframework/data/spring-data-commons/1.13.18.RELEASE/spring-data-commons-1.13.18.RELEASE.jar:/home/henrique/.m2/repository/org/springframework/spring-orm/4.3.22.RELEASE/spring-orm-4.3.22.RELEASE.jar:/home/henrique/.m2/repository/org/springframework/spring-tx/4.3.22.RELEASE/spring-tx-4.3.22.RELEASE.jar:/home/henrique/.m2/repository/org/slf4j/jcl-over-slf4j/1.7.25/jcl-over-slf4j-1.7.25.jar:/home/henrique/.m2/repository/org/springframework/spring-aspects/4.3.22.RELEASE/spring-aspects-4.3.22.RELEASE.jar:/home/henrique/.m2/repository/mysql/mysql-connector-java/5.1.47/mysql-connector-java-5.1.47.jar:/home/henrique/.m2/repository/org/springframework/security/spring-security-config/4.2.11.RELEASE/spring-security-config-4.2.11.RELEASE.jar:/home/henrique/.m2/repository/aopalliance/aopalliance/1.0/aopalliance-1.0.jar:/home/henrique/.m2/repository/org/springframework/spring-beans/4.3.22.RELEASE/spring-beans-4.3.22.RELEASE.jar:/home/henrique/.m2/repository/org/springframework/spring-context/4.3.22.RELEASE/spring-context-4.3.22.RELEASE.jar:/home/henrique/.m2/repository/org/springframework/security/spring-security-web/4.2.11.RELEASE/spring-security-web-4.2.11.RELEASE.jar:/home/henrique/.m2/repository/org/springframework/spring-expression/4.3.22.RELEASE/spring-expression-4.3.22.RELEASE.jar:/home/henrique/.m2/repository/junit/junit/4.12/junit-4.12.jar:/home/henrique/.m2/repository/org/springframework/spring-test/4.3.22.RELEASE/spring-test-4.3.22.RELEASE.jar:/home/henrique/.m2/repository/org/springframework/boot/spring-boot-test-autoconfigure/1.5.19.RELEASE/spring-boot-test-autoconfigure-1.5.19.RELEASE.jar:/home/henrique/.m2/repository/org/assertj/assertj-core/2.6.0/assertj-core-2.6.0.jar:/home/henrique/.m2/repository/io/jsonwebtoken/jjwt/0.7.0/jjwt-0.7.0.jar:, java.specification.name=Java Platform API Specification, java.class.version=52.0, sun.management.compiler=HotSpot 64-Bit Tiered Compilers, os.version=4.15.0-45-generic, user.home=/home/henrique, user.timezone=America/Sao_Paulo, java.awt.printerjob=sun.print.PSPrinterJob, file.encoding=UTF-8, java.specification.version=1.8, java.class.path=/home/henrique/SpringBoot/SpringBoot2/target/test-classes:/home/henrique/SpringBoot/SpringBoot2/target/classes:/home/henrique/.m2/repository/org/springframework/boot/spring-boot-starter-web/1.5.19.RELEASE/spring-boot-starter-web-1.5.19.RELEASE.jar:/home/henrique/.m2/repository/org/springframework/boot/spring-boot-starter/1.5.19.RELEASE/spring-boot-starter-1.5.19.RELEASE.jar:/home/henrique/.m2/repository/org/springframework/boot/spring-boot-starter-logging/1.5.19.RELEASE/spring-boot-starter-logging-1.5.19.RELEASE.jar:/home/henrique/.m2/repository/ch/qos/logback/logback-classic/1.1.11/logback-classic-1.1.11.jar:/home/henrique/.m2/repository/ch/qos/logback/logback-core/1.1.11/logback-core-1.1.11.jar:/home/henrique/.m2/repository/org/slf4j/jul-to-slf4j/1.7.25/jul-to-slf4j-1.7.25.jar:/home/henrique/.m2/repository/org/slf4j/log4j-over-slf4j/1.7.25/log4j-over-slf4j-1.7.25.jar:/home/henrique/.m2/repository/org/yaml/snakeyaml/1.17/snakeyaml-1.17.jar:/home/henrique/.m2/repository/org/springframework/boot/spring-boot-starter-tomcat/1.5.19.RELEASE/spring-boot-starter-tomcat-1.5.19.RELEASE.jar:/home/henrique/.m2/repository/org/apache/tomcat/embed/tomcat-embed-core/8.5.37/tomcat-embed-core-8.5.37.jar:/home/henrique/.m2/repository/org/apache/tomcat/tomcat-annotations-api/8.5.37/tomcat-annotations-api-8.5.37.jar:/home/henrique/.m2/repository/org/apache/tomcat/embed/tomcat-embed-el/8.5.37/tomcat-embed-el-8.5.37.jar:/home/henrique/.m2/repository/org/apache/tomcat/embed/tomcat-embed-websocket/8.5.37/tomcat-embed-websocket-8.5.37.jar:/home/henrique/.m2/repository/org/hibernate/hibernate-validator/5.3.6.Final/hibernate-validator-5.3.6.Final.jar:/home/henrique/.m2/repository/javax/validation/validation-api/1.1.0.Final/validation-api-1.1.0.Final.jar:/home/henrique/.m2/repository/org/jboss/logging/jboss-logging/3.3.2.Final/jboss-logging-3.3.2.Final.jar:/home/henrique/.m2/repository/com/fasterxml/classmate/1.3.4/classmate-1.3.4.jar:/home/henrique/.m2/repository/com/fasterxml/jackson/core/jackson-databind/2.8.11.3/jackson-databind-2.8.11.3.jar:/home/henrique/.m2/repository/com/fasterxml/jackson/core/jackson-annotations/2.8.0/jackson-annotations-2.8.0.jar:/home/henrique/.m2/repository/com/fasterxml/jackson/core/jackson-core/2.8.11/jackson-core-2.8.11.jar:/home/henrique/.m2/repository/org/springframework/spring-web/4.3.22.RELEASE/spring-web-4.3.22.RELEASE.jar:/home/henrique/.m2/repository/org/springframework/spring-webmvc/4.3.22.RELEASE/spring-webmvc-4.3.22.RELEASE.jar:/home/henrique/.m2/repository/org/springframework/boot/spring-boot-devtools/1.5.19.RELEASE/spring-boot-devtools-1.5.19.RELEASE.jar:/home/henrique/.m2/repository/org/springframework/boot/spring-boot/1.5.19.RELEASE/spring-boot-1.5.19.RELEASE.jar:/home/henrique/.m2/repository/org/springframework/boot/spring-boot-autoconfigure/1.5.19.RELEASE/spring-boot-autoconfigure-1.5.19.RELEASE.jar:/home/henrique/.m2/repository/org/springframework/boot/spring-boot-starter-test/1.5.19.RELEASE/spring-boot-starter-test-1.5.19.RELEASE.jar:/home/henrique/.m2/repository/org/springframework/boot/spring-boot-test/1.5.19.RELEASE/spring-boot-test-1.5.19.RELEASE.jar:/home/henrique/.m2/repository/com/jayway/jsonpath/json-path/2.2.0/json-path-2.2.0.jar:/home/henrique/.m2/repository/net/minidev/json-smart/2.2.1/json-smart-2.2.1.jar:/home/henrique/.m2/repository/net/minidev/accessors-smart/1.1/accessors-smart-1.1.jar:/home/henrique/.m2/repository/org/ow2/asm/asm/5.0.3/asm-5.0.3.jar:/home/henrique/.m2/repository/org/slf4j/slf4j-api/1.7.25/slf4j-api-1.7.25.jar:/home/henrique/.m2/repository/org/mockito/mockito-core/1.10.19/mockito-core-1.10.19.jar:/home/henrique/.m2/repository/org/objenesis/objenesis/2.1/objenesis-2.1.jar:/home/henrique/.m2/repository/org/hamcrest/hamcrest-core/1.3/hamcrest-core-1.3.jar:/home/henrique/.m2/repository/org/hamcrest/hamcrest-library/1.3/hamcrest-library-1.3.jar:/home/henrique/.m2/repository/org/skyscreamer/jsonassert/1.4.0/jsonassert-1.4.0.jar:/home/henrique/.m2/repository/com/vaadin/external/google/android-json/0.0.20131108.vaadin1/android-json-0.0.20131108.vaadin1.jar:/home/henrique/.m2/repository/org/springframework/spring-core/4.3.22.RELEASE/spring-core-4.3.22.RELEASE.jar:/home/henrique/.m2/repository/org/springframework/boot/spring-boot-starter-security/1.5.19.RELEASE/spring-boot-starter-security-1.5.19.RELEASE.jar:/home/henrique/.m2/repository/org/springframework/spring-aop/4.3.22.RELEASE/spring-aop-4.3.22.RELEASE.jar:/home/henrique/.m2/repository/org/springframework/security/spring-security-test/4.2.11.RELEASE/spring-security-test-4.2.11.RELEASE.jar:/home/henrique/.m2/repository/org/springframework/security/spring-security-core/4.2.11.RELEASE/spring-security-core-4.2.11.RELEASE.jar:/home/henrique/.m2/repository/commons-io/commons-io/2.5/commons-io-2.5.jar:/home/henrique/.m2/repository/com/h2database/h2/1.4.197/h2-1.4.197.jar:/home/henrique/.m2/repository/org/springframework/boot/spring-boot-starter-data-jpa/1.5.19.RELEASE/spring-boot-starter-data-jpa-1.5.19.RELEASE.jar:/home/henrique/.m2/repository/org/springframework/boot/spring-boot-starter-aop/1.5.19.RELEASE/spring-boot-starter-aop-1.5.19.RELEASE.jar:/home/henrique/.m2/repository/org/aspectj/aspectjweaver/1.8.13/aspectjweaver-1.8.13.jar:/home/henrique/.m2/repository/org/springframework/boot/spring-boot-starter-jdbc/1.5.19.RELEASE/spring-boot-starter-jdbc-1.5.19.RELEASE.jar:/home/henrique/.m2/repository/org/apache/tomcat/tomcat-jdbc/8.5.37/tomcat-jdbc-8.5.37.jar:/home/henrique/.m2/repository/org/apache/tomcat/tomcat-juli/8.5.37/tomcat-juli-8.5.37.jar:/home/henrique/.m2/repository/org/springframework/spring-jdbc/4.3.22.RELEASE/spring-jdbc-4.3.22.RELEASE.jar:/home/henrique/.m2/repository/org/hibernate/hibernate-core/5.0.12.Final/hibernate-core-5.0.12.Final.jar:/home/henrique/.m2/repository/org/hibernate/javax/persistence/hibernate-jpa-2.1-api/1.0.0.Final/hibernate-jpa-2.1-api-1.0.0.Final.jar:/home/henrique/.m2/repository/org/javassist/javassist/3.21.0-GA/javassist-3.21.0-GA.jar:/home/henrique/.m2/repository/antlr/antlr/2.7.7/antlr-2.7.7.jar:/home/henrique/.m2/repository/org/jboss/jandex/2.0.0.Final/jandex-2.0.0.Final.jar:/home/henrique/.m2/repository/dom4j/dom4j/1.6.1/dom4j-1.6.1.jar:/home/henrique/.m2/repository/org/hibernate/common/hibernate-commons-annotations/5.0.1.Final/hibernate-commons-annotations-5.0.1.Final.jar:/home/henrique/.m2/repository/org/hibernate/hibernate-entitymanager/5.0.12.Final/hibernate-entitymanager-5.0.12.Final.jar:/home/henrique/.m2/repository/javax/transaction/javax.transaction-api/1.2/javax.transaction-api-1.2.jar:/home/henrique/.m2/repository/org/springframework/data/spring-data-jpa/1.11.18.RELEASE/spring-data-jpa-1.11.18.RELEASE.jar:/home/henrique/.m2/repository/org/springframework/data/spring-data-commons/1.13.18.RELEASE/spring-data-commons-1.13.18.RELEASE.jar:/home/henrique/.m2/repository/org/springframework/spring-orm/4.3.22.RELEASE/spring-orm-4.3.22.RELEASE.jar:/home/henrique/.m2/repository/org/springframework/spring-tx/4.3.22.RELEASE/spring-tx-4.3.22.RELEASE.jar:/home/henrique/.m2/repository/org/slf4j/jcl-over-slf4j/1.7.25/jcl-over-slf4j-1.7.25.jar:/home/henrique/.m2/repository/org/springframework/spring-aspects/4.3.22.RELEASE/spring-aspects-4.3.22.RELEASE.jar:/home/henrique/.m2/repository/mysql/mysql-connector-java/5.1.47/mysql-connector-java-5.1.47.jar:/home/henrique/.m2/repository/org/springframework/security/spring-security-config/4.2.11.RELEASE/spring-security-config-4.2.11.RELEASE.jar:/home/henrique/.m2/repository/aopalliance/aopalliance/1.0/aopalliance-1.0.jar:/home/henrique/.m2/repository/org/springframework/spring-beans/4.3.22.RELEASE/spring-beans-4.3.22.RELEASE.jar:/home/henrique/.m2/repository/org/springframework/spring-context/4.3.22.RELEASE/spring-context-4.3.22.RELEASE.jar:/home/henrique/.m2/repository/org/springframework/security/spring-security-web/4.2.11.RELEASE/spring-security-web-4.2.11.RELEASE.jar:/home/henrique/.m2/repository/org/springframework/spring-expression/4.3.22.RELEASE/spring-expression-4.3.22.RELEASE.jar:/home/henrique/.m2/repository/junit/junit/4.12/junit-4.12.jar:/home/henrique/.m2/repository/org/springframework/spring-test/4.3.22.RELEASE/spring-test-4.3.22.RELEASE.jar:/home/henrique/.m2/repository/org/springframework/boot/spring-boot-test-autoconfigure/1.5.19.RELEASE/spring-boot-test-autoconfigure-1.5.19.RELEASE.jar:/home/henrique/.m2/repository/org/assertj/assertj-core/2.6.0/assertj-core-2.6.0.jar:/home/henrique/.m2/repository/io/jsonwebtoken/jjwt/0.7.0/jjwt-0.7.0.jar:, user.name=henrique, java.vm.specification.version=1.8, sun.java.command=/home/henrique/SpringBoot/SpringBoot2/target/surefire/surefirebooter1202776271071746198.jar /home/henrique/SpringBoot/SpringBoot2/target/surefire/surefire7487224616689652327tmp /home/henrique/SpringBoot/SpringBoot2/target/surefire/surefire_08583469501395763665tmp, java.home=/usr/local/jdk1.8.0_111/jre, sun.arch.data.model=64, user.language=pt, java.specification.vendor=Oracle Corporation, awt.toolkit=sun.awt.X11.XToolkit, java.vm.info=mixed mode, java.version=1.8.0_111, java.ext.dirs=/usr/local/jdk1.8.0_111/jre/lib/ext:/usr/java/packages/lib/ext, sun.boot.class.path=/usr/local/jdk1.8.0_111/jre/lib/resources.jar:/usr/local/jdk1.8.0_111/jre/lib/rt.jar:/usr/local/jdk1.8.0_111/jre/lib/sunrsasign.jar:/usr/local/jdk1.8.0_111/jre/lib/jsse.jar:/usr/local/jdk1.8.0_111/jre/lib/jce.jar:/usr/local/jdk1.8.0_111/jre/lib/charsets.jar:/usr/local/jdk1.8.0_111/jre/lib/jfr.jar:/usr/local/jdk1.8.0_111/jre/classes, java.vendor=Oracle Corporation, localRepository=/home/henrique/.m2/repository, file.separator=/, java.vendor.url.bug=http://bugreport.sun.com/bugreport/, sun.io.unicode.encoding=UnicodeLittle, sun.cpu.endian=little, sun.desktop=gnome, sun.cpu.isalist=}}, SystemEnvironmentPropertySource@1089504328 {name='systemEnvironment', properties={PATH=/usr/local/sbin:/usr/local/bin:/usr/sbin:/usr/bin:/sbin:/bin:/usr/games:/usr/local/games:/snap/bin, XAUTHORITY=/run/user/1000/gdm/Xauthority, XMODIFIERS=@im=ibus, XDG_DATA_DIRS=/usr/share/ubuntu:/usr/local/share:/usr/share:/var/lib/snapd/desktop, GDMSESSION=ubuntu, MANDATORY_PATH=/usr/share/gconf/ubuntu.mandatory.path, TEXTDOMAINDIR=/usr/share/locale/, GTK_IM_MODULE=ibus, DBUS_SESSION_BUS_ADDRESS=unix:path=/run/user/1000/bus, DEFAULTS_PATH=/usr/share/gconf/ubuntu.default.path, XDG_CURRENT_DESKTOP=ubuntu:GNOME, NB_EXEC_MAVEN_PROCESS_UUID=294351b2-ab1e-40b0-b659-1fed86f29478, SSH_AGENT_PID=10697, LD_LIBRARY_PATH=/usr/local/jdk1.8.0_111/jre/lib/amd64:/usr/local/jdk1.8.0_111/jre/lib/i386:, QT4_IM_MODULE=xim, SESSION_MANAGER=local/henrique:@/tmp/.ICE-unix/10592,unix/henrique:/tmp/.ICE-unix/10592, USERNAME=henrique, LOGNAME=henrique, PWD=/home/henrique/SpringBoot/SpringBoot2, IM_CONFIG_PHASE=2, LANGUAGE=pt_BR:pt:en, SHELL=/bin/bash, GIO_LAUNCHED_DESKTOP_FILE=/home/henrique/Área de Trabalho/netbeans-8.0.1.desktop, OLDPWD=/home/henrique/SpringBoot/SpringBoot2, GNOME_DESKTOP_SESSION_ID=this-is-deprecated, GTK_MODULES=gail:atk-bridge, CLUTTER_IM_MODULE=xim, TEXTDOMAIN=im-config, M2_HOME=/home/henrique/netbeans-8.0.1/java/maven, XDG_SESSION_DESKTOP=ubuntu, SHLVL=1, J2D_PIXMAPS=shared, QT_IM_MODULE=xim, JAVA_HOME=/usr/local/jdk1.8.0_111, XDG_CONFIG_DIRS=/etc/xdg/xdg-ubuntu:/etc/xdg, XFILESEARCHPATH=/usr/dt/app-defaults/%L/Dt, LANG=pt_BR.UTF-8, XDG_SESSION_ID=2, XDG_SESSION_TYPE=x11, DISPLAY=:0, netbeansProjectMappings=, _=/usr/local/jdk1.8.0_111/bin/java, GPG_AGENT_INFO=/run/user/1000/gnupg/S.gpg-agent:0:1, DESKTOP_SESSION=ubuntu, USER=henrique, XDG_MENU_PREFIX=gnome-, GIO_LAUNCHED_DESKTOP_FILE_PID=13152, QT_ACCESSIBILITY=1, WINDOWPATH=2, SSH_AUTH_SOCK=/run/user/1000/keyring/ssh, XDG_SEAT=seat0, NLSPATH=/usr/dt/lib/nls/msg/%L/%N.cat, GNOME_SHELL_SESSION_MODE=ubuntu, XDG_VTNR=2, XDG_RUNTIME_DIR=/run/user/1000, HOME=/home/henrique}}]
10:38:33.942 [main] DEBUG org.springframework.core.io.support.PathMatchingResourcePatternResolver - Resolved classpath location [br/com/devdojo/] to resources [URL [file:/home/henrique/SpringBoot/SpringBoot2/target/test-classes/br/com/devdojo/], URL [file:/home/henrique/SpringBoot/SpringBoot2/target/classes/br/com/devdojo/]]
10:38:33.942 [main] DEBUG org.springframework.core.io.support.PathMatchingResourcePatternResolver - Looking for matching resources in directory tree [/home/henrique/SpringBoot/SpringBoot2/target/test-classes/br/com/devdojo]
10:38:33.943 [main] DEBUG org.springframework.core.io.support.PathMatchingResourcePatternResolver - Searching directory [/home/henrique/SpringBoot/SpringBoot2/target/test-classes/br/com/devdojo] for files matching pattern [/home/henrique/SpringBoot/SpringBoot2/target/test-classes/br/com/devdojo/*.class]
10:38:33.946 [main] DEBUG org.springframework.core.io.support.PathMatchingResourcePatternResolver - Looking for matching resources in directory tree [/home/henrique/SpringBoot/SpringBoot2/target/classes/br/com/devdojo]
10:38:33.947 [main] DEBUG org.springframework.core.io.support.PathMatchingResourcePatternResolver - Searching directory [/home/henrique/SpringBoot/SpringBoot2/target/classes/br/com/devdojo] for files matching pattern [/home/henrique/SpringBoot/SpringBoot2/target/classes/br/com/devdojo/*.class]
10:38:33.947 [main] DEBUG org.springframework.core.io.support.PathMatchingResourcePatternResolver - Resolved location pattern [classpath*:br/com/devdojo/*.class] to resources [file [/home/henrique/SpringBoot/SpringBoot2/target/test-classes/br/com/devdojo/StudentEndpointTest$Config.class], file [/home/henrique/SpringBoot/SpringBoot2/target/test-classes/br/com/devdojo/StudentEndpointTest.class], file [/home/henrique/SpringBoot/SpringBoot2/target/test-classes/br/com/devdojo/StudentRepositoryTest.class]]
10:38:33.997 [main] DEBUG org.springframework.core.io.support.PathMatchingResourcePatternResolver - Resolved classpath location [br/com/] to resources [URL [file:/home/henrique/SpringBoot/SpringBoot2/target/test-classes/br/com/], URL [file:/home/henrique/SpringBoot/SpringBoot2/target/classes/br/com/]]
10:38:33.997 [main] DEBUG org.springframework.core.io.support.PathMatchingResourcePatternResolver - Looking for matching resources in directory tree [/home/henrique/SpringBoot/SpringBoot2/target/test-classes/br/com]
10:38:33.998 [main] DEBUG org.springframework.core.io.support.PathMatchingResourcePatternResolver - Searching directory [/home/henrique/SpringBoot/SpringBoot2/target/test-classes/br/com] for files matching pattern [/home/henrique/SpringBoot/SpringBoot2/target/test-classes/br/com/*.class]
10:38:33.998 [main] DEBUG org.springframework.core.io.support.PathMatchingResourcePatternResolver - Looking for matching resources in directory tree [/home/henrique/SpringBoot/SpringBoot2/target/classes/br/com]
10:38:33.998 [main] DEBUG org.springframework.core.io.support.PathMatchingResourcePatternResolver - Searching directory [/home/henrique/SpringBoot/SpringBoot2/target/classes/br/com] for files matching pattern [/home/henrique/SpringBoot/SpringBoot2/target/classes/br/com/*.class]
10:38:33.999 [main] DEBUG org.springframework.core.io.support.PathMatchingResourcePatternResolver - Resolved location pattern [classpath*:br/com/*.class] to resources []
10:38:33.999 [main] DEBUG org.springframework.core.io.support.PathMatchingResourcePatternResolver - Resolved classpath location [br/] to resources [URL [file:/home/henrique/SpringBoot/SpringBoot2/target/test-classes/br/], URL [file:/home/henrique/SpringBoot/SpringBoot2/target/classes/br/]]
10:38:33.999 [main] DEBUG org.springframework.core.io.support.PathMatchingResourcePatternResolver - Looking for matching resources in directory tree [/home/henrique/SpringBoot/SpringBoot2/target/test-classes/br]
10:38:34.000 [main] DEBUG org.springframework.core.io.support.PathMatchingResourcePatternResolver - Searching directory [/home/henrique/SpringBoot/SpringBoot2/target/test-classes/br] for files matching pattern [/home/henrique/SpringBoot/SpringBoot2/target/test-classes/br/*.class]
10:38:34.000 [main] DEBUG org.springframework.core.io.support.PathMatchingResourcePatternResolver - Looking for matching resources in directory tree [/home/henrique/SpringBoot/SpringBoot2/target/classes/br]
10:38:34.000 [main] DEBUG org.springframework.core.io.support.PathMatchingResourcePatternResolver - Searching directory [/home/henrique/SpringBoot/SpringBoot2/target/classes/br] for files matching pattern [/home/henrique/SpringBoot/SpringBoot2/target/classes/br/*.class]
10:38:34.000 [main] DEBUG org.springframework.core.io.support.PathMatchingResourcePatternResolver - Resolved location pattern [classpath*:br/*.class] to resources []
10:38:34.006 [main] DEBUG org.springframework.test.context.junit4.SpringJUnit4ClassRunner - SpringJUnit4ClassRunner constructor called with [class br.com.devdojo.StudentEndpointTest]
10:38:34.006 [main] DEBUG org.springframework.test.context.BootstrapUtils - Instantiating CacheAwareContextLoaderDelegate from class [org.springframework.test.context.cache.DefaultCacheAwareContextLoaderDelegate]
10:38:34.007 [main] DEBUG org.springframework.test.context.BootstrapUtils - Instantiating BootstrapContext using constructor [public org.springframework.test.context.support.DefaultBootstrapContext(java.lang.Class,org.springframework.test.context.CacheAwareContextLoaderDelegate)]
10:38:34.007 [main] DEBUG org.springframework.test.context.BootstrapUtils - Instantiating TestContextBootstrapper for test class [br.com.devdojo.StudentEndpointTest] from class [org.springframework.boot.test.context.SpringBootTestContextBootstrapper]
10:38:34.008 [main] INFO org.springframework.boot.test.context.SpringBootTestContextBootstrapper - Neither @ContextConfiguration nor @ContextHierarchy found for test class [br.com.devdojo.StudentEndpointTest], using SpringBootContextLoader
10:38:34.008 [main] DEBUG org.springframework.test.context.support.AbstractContextLoader - Did not detect default resource location for test class [br.com.devdojo.StudentEndpointTest]: class path resource [br/com/devdojo/StudentEndpointTest-context.xml] does not exist
10:38:34.009 [main] DEBUG org.springframework.test.context.support.AbstractContextLoader - Did not detect default resource location for test class [br.com.devdojo.StudentEndpointTest]: class path resource [br/com/devdojo/StudentEndpointTestContext.groovy] does not exist
10:38:34.009 [main] INFO org.springframework.test.context.support.AbstractContextLoader - Could not detect default resource locations for test class [br.com.devdojo.StudentEndpointTest]: no resource found for suffixes {-context.xml, Context.groovy}.
10:38:34.019 [main] DEBUG org.springframework.test.context.support.ActiveProfilesUtils - Could not find an 'annotation declaring class' for annotation type [org.springframework.test.context.ActiveProfiles] and class [br.com.devdojo.StudentEndpointTest]
10:38:34.020 [main] DEBUG org.springframework.core.env.StandardEnvironment - Adding PropertySource 'systemProperties' with lowest search precedence
10:38:34.021 [main] DEBUG org.springframework.core.env.StandardEnvironment - Adding PropertySource 'systemEnvironment' with lowest search precedence
10:38:34.024 [main] DEBUG org.springframework.core.env.StandardEnvironment - Initialized StandardEnvironment with PropertySources [MapPropertySource@346224929 {name='systemProperties', properties={java.runtime.name=Java(TM) SE Runtime Environment, sun.boot.library.path=/usr/local/jdk1.8.0_111/jre/lib/amd64, java.vm.version=25.111-b14, java.vm.vendor=Oracle Corporation, java.vendor.url=http://java.oracle.com/, path.separator=:, java.vm.name=Java HotSpot(TM) 64-Bit Server VM, file.encoding.pkg=sun.io, user.country=BR, sun.java.launcher=SUN_STANDARD, sun.os.patch.level=unknown, test=br.com.devdojo.StudentEndpointTest, java.vm.specification.name=Java Virtual Machine Specification, user.dir=/home/henrique/SpringBoot/SpringBoot2, java.runtime.version=1.8.0_111-b14, basedir=/home/henrique/SpringBoot/SpringBoot2, java.awt.graphicsenv=sun.awt.X11GraphicsEnvironment, java.endorsed.dirs=/usr/local/jdk1.8.0_111/jre/lib/endorsed, os.arch=amd64, surefire.real.class.path=/home/henrique/SpringBoot/SpringBoot2/target/surefire/surefirebooter1202776271071746198.jar, java.io.tmpdir=/tmp, line.separator=
, java.vm.specification.vendor=Oracle Corporation, os.name=Linux, maven.ext.class.path=/home/henrique/netbeans-8.0.1/java/maven-nblib/netbeans-eventspy.jar, sun.jnu.encoding=UTF-8, java.library.path=/usr/local/jdk1.8.0_111/jre/lib/amd64:/usr/local/jdk1.8.0_111/jre/lib/i386::/usr/java/packages/lib/amd64:/usr/lib64:/lib64:/lib:/usr/lib, surefire.test.class.path=/home/henrique/SpringBoot/SpringBoot2/target/test-classes:/home/henrique/SpringBoot/SpringBoot2/target/classes:/home/henrique/.m2/repository/org/springframework/boot/spring-boot-starter-web/1.5.19.RELEASE/spring-boot-starter-web-1.5.19.RELEASE.jar:/home/henrique/.m2/repository/org/springframework/boot/spring-boot-starter/1.5.19.RELEASE/spring-boot-starter-1.5.19.RELEASE.jar:/home/henrique/.m2/repository/org/springframework/boot/spring-boot-starter-logging/1.5.19.RELEASE/spring-boot-starter-logging-1.5.19.RELEASE.jar:/home/henrique/.m2/repository/ch/qos/logback/logback-classic/1.1.11/logback-classic-1.1.11.jar:/home/henrique/.m2/repository/ch/qos/logback/logback-core/1.1.11/logback-core-1.1.11.jar:/home/henrique/.m2/repository/org/slf4j/jul-to-slf4j/1.7.25/jul-to-slf4j-1.7.25.jar:/home/henrique/.m2/repository/org/slf4j/log4j-over-slf4j/1.7.25/log4j-over-slf4j-1.7.25.jar:/home/henrique/.m2/repository/org/yaml/snakeyaml/1.17/snakeyaml-1.17.jar:/home/henrique/.m2/repository/org/springframework/boot/spring-boot-starter-tomcat/1.5.19.RELEASE/spring-boot-starter-tomcat-1.5.19.RELEASE.jar:/home/henrique/.m2/repository/org/apache/tomcat/embed/tomcat-embed-core/8.5.37/tomcat-embed-core-8.5.37.jar:/home/henrique/.m2/repository/org/apache/tomcat/tomcat-annotations-api/8.5.37/tomcat-annotations-api-8.5.37.jar:/home/henrique/.m2/repository/org/apache/tomcat/embed/tomcat-embed-el/8.5.37/tomcat-embed-el-8.5.37.jar:/home/henrique/.m2/repository/org/apache/tomcat/embed/tomcat-embed-websocket/8.5.37/tomcat-embed-websocket-8.5.37.jar:/home/henrique/.m2/repository/org/hibernate/hibernate-validator/5.3.6.Final/hibernate-validator-5.3.6.Final.jar:/home/henrique/.m2/repository/javax/validation/validation-api/1.1.0.Final/validation-api-1.1.0.Final.jar:/home/henrique/.m2/repository/org/jboss/logging/jboss-logging/3.3.2.Final/jboss-logging-3.3.2.Final.jar:/home/henrique/.m2/repository/com/fasterxml/classmate/1.3.4/classmate-1.3.4.jar:/home/henrique/.m2/repository/com/fasterxml/jackson/core/jackson-databind/2.8.11.3/jackson-databind-2.8.11.3.jar:/home/henrique/.m2/repository/com/fasterxml/jackson/core/jackson-annotations/2.8.0/jackson-annotations-2.8.0.jar:/home/henrique/.m2/repository/com/fasterxml/jackson/core/jackson-core/2.8.11/jackson-core-2.8.11.jar:/home/henrique/.m2/repository/org/springframework/spring-web/4.3.22.RELEASE/spring-web-4.3.22.RELEASE.jar:/home/henrique/.m2/repository/org/springframework/spring-webmvc/4.3.22.RELEASE/spring-webmvc-4.3.22.RELEASE.jar:/home/henrique/.m2/repository/org/springframework/boot/spring-boot-devtools/1.5.19.RELEASE/spring-boot-devtools-1.5.19.RELEASE.jar:/home/henrique/.m2/repository/org/springframework/boot/spring-boot/1.5.19.RELEASE/spring-boot-1.5.19.RELEASE.jar:/home/henrique/.m2/repository/org/springframework/boot/spring-boot-autoconfigure/1.5.19.RELEASE/spring-boot-autoconfigure-1.5.19.RELEASE.jar:/home/henrique/.m2/repository/org/springframework/boot/spring-boot-starter-test/1.5.19.RELEASE/spring-boot-starter-test-1.5.19.RELEASE.jar:/home/henrique/.m2/repository/org/springframework/boot/spring-boot-test/1.5.19.RELEASE/spring-boot-test-1.5.19.RELEASE.jar:/home/henrique/.m2/repository/com/jayway/jsonpath/json-path/2.2.0/json-path-2.2.0.jar:/home/henrique/.m2/repository/net/minidev/json-smart/2.2.1/json-smart-2.2.1.jar:/home/henrique/.m2/repository/net/minidev/accessors-smart/1.1/accessors-smart-1.1.jar:/home/henrique/.m2/repository/org/ow2/asm/asm/5.0.3/asm-5.0.3.jar:/home/henrique/.m2/repository/org/slf4j/slf4j-api/1.7.25/slf4j-api-1.7.25.jar:/home/henrique/.m2/repository/org/mockito/mockito-core/1.10.19/mockito-core-1.10.19.jar:/home/henrique/.m2/repository/org/objenesis/objenesis/2.1/objenesis-2.1.jar:/home/henrique/.m2/repository/org/hamcrest/hamcrest-core/1.3/hamcrest-core-1.3.jar:/home/henrique/.m2/repository/org/hamcrest/hamcrest-library/1.3/hamcrest-library-1.3.jar:/home/henrique/.m2/repository/org/skyscreamer/jsonassert/1.4.0/jsonassert-1.4.0.jar:/home/henrique/.m2/repository/com/vaadin/external/google/android-json/0.0.20131108.vaadin1/android-json-0.0.20131108.vaadin1.jar:/home/henrique/.m2/repository/org/springframework/spring-core/4.3.22.RELEASE/spring-core-4.3.22.RELEASE.jar:/home/henrique/.m2/repository/org/springframework/boot/spring-boot-starter-security/1.5.19.RELEASE/spring-boot-starter-security-1.5.19.RELEASE.jar:/home/henrique/.m2/repository/org/springframework/spring-aop/4.3.22.RELEASE/spring-aop-4.3.22.RELEASE.jar:/home/henrique/.m2/repository/org/springframework/security/spring-security-test/4.2.11.RELEASE/spring-security-test-4.2.11.RELEASE.jar:/home/henrique/.m2/repository/org/springframework/security/spring-security-core/4.2.11.RELEASE/spring-security-core-4.2.11.RELEASE.jar:/home/henrique/.m2/repository/commons-io/commons-io/2.5/commons-io-2.5.jar:/home/henrique/.m2/repository/com/h2database/h2/1.4.197/h2-1.4.197.jar:/home/henrique/.m2/repository/org/springframework/boot/spring-boot-starter-data-jpa/1.5.19.RELEASE/spring-boot-starter-data-jpa-1.5.19.RELEASE.jar:/home/henrique/.m2/repository/org/springframework/boot/spring-boot-starter-aop/1.5.19.RELEASE/spring-boot-starter-aop-1.5.19.RELEASE.jar:/home/henrique/.m2/repository/org/aspectj/aspectjweaver/1.8.13/aspectjweaver-1.8.13.jar:/home/henrique/.m2/repository/org/springframework/boot/spring-boot-starter-jdbc/1.5.19.RELEASE/spring-boot-starter-jdbc-1.5.19.RELEASE.jar:/home/henrique/.m2/repository/org/apache/tomcat/tomcat-jdbc/8.5.37/tomcat-jdbc-8.5.37.jar:/home/henrique/.m2/repository/org/apache/tomcat/tomcat-juli/8.5.37/tomcat-juli-8.5.37.jar:/home/henrique/.m2/repository/org/springframework/spring-jdbc/4.3.22.RELEASE/spring-jdbc-4.3.22.RELEASE.jar:/home/henrique/.m2/repository/org/hibernate/hibernate-core/5.0.12.Final/hibernate-core-5.0.12.Final.jar:/home/henrique/.m2/repository/org/hibernate/javax/persistence/hibernate-jpa-2.1-api/1.0.0.Final/hibernate-jpa-2.1-api-1.0.0.Final.jar:/home/henrique/.m2/repository/org/javassist/javassist/3.21.0-GA/javassist-3.21.0-GA.jar:/home/henrique/.m2/repository/antlr/antlr/2.7.7/antlr-2.7.7.jar:/home/henrique/.m2/repository/org/jboss/jandex/2.0.0.Final/jandex-2.0.0.Final.jar:/home/henrique/.m2/repository/dom4j/dom4j/1.6.1/dom4j-1.6.1.jar:/home/henrique/.m2/repository/org/hibernate/common/hibernate-commons-annotations/5.0.1.Final/hibernate-commons-annotations-5.0.1.Final.jar:/home/henrique/.m2/repository/org/hibernate/hibernate-entitymanager/5.0.12.Final/hibernate-entitymanager-5.0.12.Final.jar:/home/henrique/.m2/repository/javax/transaction/javax.transaction-api/1.2/javax.transaction-api-1.2.jar:/home/henrique/.m2/repository/org/springframework/data/spring-data-jpa/1.11.18.RELEASE/spring-data-jpa-1.11.18.RELEASE.jar:/home/henrique/.m2/repository/org/springframework/data/spring-data-commons/1.13.18.RELEASE/spring-data-commons-1.13.18.RELEASE.jar:/home/henrique/.m2/repository/org/springframework/spring-orm/4.3.22.RELEASE/spring-orm-4.3.22.RELEASE.jar:/home/henrique/.m2/repository/org/springframework/spring-tx/4.3.22.RELEASE/spring-tx-4.3.22.RELEASE.jar:/home/henrique/.m2/repository/org/slf4j/jcl-over-slf4j/1.7.25/jcl-over-slf4j-1.7.25.jar:/home/henrique/.m2/repository/org/springframework/spring-aspects/4.3.22.RELEASE/spring-aspects-4.3.22.RELEASE.jar:/home/henrique/.m2/repository/mysql/mysql-connector-java/5.1.47/mysql-connector-java-5.1.47.jar:/home/henrique/.m2/repository/org/springframework/security/spring-security-config/4.2.11.RELEASE/spring-security-config-4.2.11.RELEASE.jar:/home/henrique/.m2/repository/aopalliance/aopalliance/1.0/aopalliance-1.0.jar:/home/henrique/.m2/repository/org/springframework/spring-beans/4.3.22.RELEASE/spring-beans-4.3.22.RELEASE.jar:/home/henrique/.m2/repository/org/springframework/spring-context/4.3.22.RELEASE/spring-context-4.3.22.RELEASE.jar:/home/henrique/.m2/repository/org/springframework/security/spring-security-web/4.2.11.RELEASE/spring-security-web-4.2.11.RELEASE.jar:/home/henrique/.m2/repository/org/springframework/spring-expression/4.3.22.RELEASE/spring-expression-4.3.22.RELEASE.jar:/home/henrique/.m2/repository/junit/junit/4.12/junit-4.12.jar:/home/henrique/.m2/repository/org/springframework/spring-test/4.3.22.RELEASE/spring-test-4.3.22.RELEASE.jar:/home/henrique/.m2/repository/org/springframework/boot/spring-boot-test-autoconfigure/1.5.19.RELEASE/spring-boot-test-autoconfigure-1.5.19.RELEASE.jar:/home/henrique/.m2/repository/org/assertj/assertj-core/2.6.0/assertj-core-2.6.0.jar:/home/henrique/.m2/repository/io/jsonwebtoken/jjwt/0.7.0/jjwt-0.7.0.jar:, java.specification.name=Java Platform API Specification, java.class.version=52.0, sun.management.compiler=HotSpot 64-Bit Tiered Compilers, os.version=4.15.0-45-generic, user.home=/home/henrique, user.timezone=America/Sao_Paulo, java.awt.printerjob=sun.print.PSPrinterJob, file.encoding=UTF-8, java.specification.version=1.8, java.class.path=/home/henrique/SpringBoot/SpringBoot2/target/test-classes:/home/henrique/SpringBoot/SpringBoot2/target/classes:/home/henrique/.m2/repository/org/springframework/boot/spring-boot-starter-web/1.5.19.RELEASE/spring-boot-starter-web-1.5.19.RELEASE.jar:/home/henrique/.m2/repository/org/springframework/boot/spring-boot-starter/1.5.19.RELEASE/spring-boot-starter-1.5.19.RELEASE.jar:/home/henrique/.m2/repository/org/springframework/boot/spring-boot-starter-logging/1.5.19.RELEASE/spring-boot-starter-logging-1.5.19.RELEASE.jar:/home/henrique/.m2/repository/ch/qos/logback/logback-classic/1.1.11/logback-classic-1.1.11.jar:/home/henrique/.m2/repository/ch/qos/logback/logback-core/1.1.11/logback-core-1.1.11.jar:/home/henrique/.m2/repository/org/slf4j/jul-to-slf4j/1.7.25/jul-to-slf4j-1.7.25.jar:/home/henrique/.m2/repository/org/slf4j/log4j-over-slf4j/1.7.25/log4j-over-slf4j-1.7.25.jar:/home/henrique/.m2/repository/org/yaml/snakeyaml/1.17/snakeyaml-1.17.jar:/home/henrique/.m2/repository/org/springframework/boot/spring-boot-starter-tomcat/1.5.19.RELEASE/spring-boot-starter-tomcat-1.5.19.RELEASE.jar:/home/henrique/.m2/repository/org/apache/tomcat/embed/tomcat-embed-core/8.5.37/tomcat-embed-core-8.5.37.jar:/home/henrique/.m2/repository/org/apache/tomcat/tomcat-annotations-api/8.5.37/tomcat-annotations-api-8.5.37.jar:/home/henrique/.m2/repository/org/apache/tomcat/embed/tomcat-embed-el/8.5.37/tomcat-embed-el-8.5.37.jar:/home/henrique/.m2/repository/org/apache/tomcat/embed/tomcat-embed-websocket/8.5.37/tomcat-embed-websocket-8.5.37.jar:/home/henrique/.m2/repository/org/hibernate/hibernate-validator/5.3.6.Final/hibernate-validator-5.3.6.Final.jar:/home/henrique/.m2/repository/javax/validation/validation-api/1.1.0.Final/validation-api-1.1.0.Final.jar:/home/henrique/.m2/repository/org/jboss/logging/jboss-logging/3.3.2.Final/jboss-logging-3.3.2.Final.jar:/home/henrique/.m2/repository/com/fasterxml/classmate/1.3.4/classmate-1.3.4.jar:/home/henrique/.m2/repository/com/fasterxml/jackson/core/jackson-databind/2.8.11.3/jackson-databind-2.8.11.3.jar:/home/henrique/.m2/repository/com/fasterxml/jackson/core/jackson-annotations/2.8.0/jackson-annotations-2.8.0.jar:/home/henrique/.m2/repository/com/fasterxml/jackson/core/jackson-core/2.8.11/jackson-core-2.8.11.jar:/home/henrique/.m2/repository/org/springframework/spring-web/4.3.22.RELEASE/spring-web-4.3.22.RELEASE.jar:/home/henrique/.m2/repository/org/springframework/spring-webmvc/4.3.22.RELEASE/spring-webmvc-4.3.22.RELEASE.jar:/home/henrique/.m2/repository/org/springframework/boot/spring-boot-devtools/1.5.19.RELEASE/spring-boot-devtools-1.5.19.RELEASE.jar:/home/henrique/.m2/repository/org/springframework/boot/spring-boot/1.5.19.RELEASE/spring-boot-1.5.19.RELEASE.jar:/home/henrique/.m2/repository/org/springframework/boot/spring-boot-autoconfigure/1.5.19.RELEASE/spring-boot-autoconfigure-1.5.19.RELEASE.jar:/home/henrique/.m2/repository/org/springframework/boot/spring-boot-starter-test/1.5.19.RELEASE/spring-boot-starter-test-1.5.19.RELEASE.jar:/home/henrique/.m2/repository/org/springframework/boot/spring-boot-test/1.5.19.RELEASE/spring-boot-test-1.5.19.RELEASE.jar:/home/henrique/.m2/repository/com/jayway/jsonpath/json-path/2.2.0/json-path-2.2.0.jar:/home/henrique/.m2/repository/net/minidev/json-smart/2.2.1/json-smart-2.2.1.jar:/home/henrique/.m2/repository/net/minidev/accessors-smart/1.1/accessors-smart-1.1.jar:/home/henrique/.m2/repository/org/ow2/asm/asm/5.0.3/asm-5.0.3.jar:/home/henrique/.m2/repository/org/slf4j/slf4j-api/1.7.25/slf4j-api-1.7.25.jar:/home/henrique/.m2/repository/org/mockito/mockito-core/1.10.19/mockito-core-1.10.19.jar:/home/henrique/.m2/repository/org/objenesis/objenesis/2.1/objenesis-2.1.jar:/home/henrique/.m2/repository/org/hamcrest/hamcrest-core/1.3/hamcrest-core-1.3.jar:/home/henrique/.m2/repository/org/hamcrest/hamcrest-library/1.3/hamcrest-library-1.3.jar:/home/henrique/.m2/repository/org/skyscreamer/jsonassert/1.4.0/jsonassert-1.4.0.jar:/home/henrique/.m2/repository/com/vaadin/external/google/android-json/0.0.20131108.vaadin1/android-json-0.0.20131108.vaadin1.jar:/home/henrique/.m2/repository/org/springframework/spring-core/4.3.22.RELEASE/spring-core-4.3.22.RELEASE.jar:/home/henrique/.m2/repository/org/springframework/boot/spring-boot-starter-security/1.5.19.RELEASE/spring-boot-starter-security-1.5.19.RELEASE.jar:/home/henrique/.m2/repository/org/springframework/spring-aop/4.3.22.RELEASE/spring-aop-4.3.22.RELEASE.jar:/home/henrique/.m2/repository/org/springframework/security/spring-security-test/4.2.11.RELEASE/spring-security-test-4.2.11.RELEASE.jar:/home/henrique/.m2/repository/org/springframework/security/spring-security-core/4.2.11.RELEASE/spring-security-core-4.2.11.RELEASE.jar:/home/henrique/.m2/repository/commons-io/commons-io/2.5/commons-io-2.5.jar:/home/henrique/.m2/repository/com/h2database/h2/1.4.197/h2-1.4.197.jar:/home/henrique/.m2/repository/org/springframework/boot/spring-boot-starter-data-jpa/1.5.19.RELEASE/spring-boot-starter-data-jpa-1.5.19.RELEASE.jar:/home/henrique/.m2/repository/org/springframework/boot/spring-boot-starter-aop/1.5.19.RELEASE/spring-boot-starter-aop-1.5.19.RELEASE.jar:/home/henrique/.m2/repository/org/aspectj/aspectjweaver/1.8.13/aspectjweaver-1.8.13.jar:/home/henrique/.m2/repository/org/springframework/boot/spring-boot-starter-jdbc/1.5.19.RELEASE/spring-boot-starter-jdbc-1.5.19.RELEASE.jar:/home/henrique/.m2/repository/org/apache/tomcat/tomcat-jdbc/8.5.37/tomcat-jdbc-8.5.37.jar:/home/henrique/.m2/repository/org/apache/tomcat/tomcat-juli/8.5.37/tomcat-juli-8.5.37.jar:/home/henrique/.m2/repository/org/springframework/spring-jdbc/4.3.22.RELEASE/spring-jdbc-4.3.22.RELEASE.jar:/home/henrique/.m2/repository/org/hibernate/hibernate-core/5.0.12.Final/hibernate-core-5.0.12.Final.jar:/home/henrique/.m2/repository/org/hibernate/javax/persistence/hibernate-jpa-2.1-api/1.0.0.Final/hibernate-jpa-2.1-api-1.0.0.Final.jar:/home/henrique/.m2/repository/org/javassist/javassist/3.21.0-GA/javassist-3.21.0-GA.jar:/home/henrique/.m2/repository/antlr/antlr/2.7.7/antlr-2.7.7.jar:/home/henrique/.m2/repository/org/jboss/jandex/2.0.0.Final/jandex-2.0.0.Final.jar:/home/henrique/.m2/repository/dom4j/dom4j/1.6.1/dom4j-1.6.1.jar:/home/henrique/.m2/repository/org/hibernate/common/hibernate-commons-annotations/5.0.1.Final/hibernate-commons-annotations-5.0.1.Final.jar:/home/henrique/.m2/repository/org/hibernate/hibernate-entitymanager/5.0.12.Final/hibernate-entitymanager-5.0.12.Final.jar:/home/henrique/.m2/repository/javax/transaction/javax.transaction-api/1.2/javax.transaction-api-1.2.jar:/home/henrique/.m2/repository/org/springframework/data/spring-data-jpa/1.11.18.RELEASE/spring-data-jpa-1.11.18.RELEASE.jar:/home/henrique/.m2/repository/org/springframework/data/spring-data-commons/1.13.18.RELEASE/spring-data-commons-1.13.18.RELEASE.jar:/home/henrique/.m2/repository/org/springframework/spring-orm/4.3.22.RELEASE/spring-orm-4.3.22.RELEASE.jar:/home/henrique/.m2/repository/org/springframework/spring-tx/4.3.22.RELEASE/spring-tx-4.3.22.RELEASE.jar:/home/henrique/.m2/repository/org/slf4j/jcl-over-slf4j/1.7.25/jcl-over-slf4j-1.7.25.jar:/home/henrique/.m2/repository/org/springframework/spring-aspects/4.3.22.RELEASE/spring-aspects-4.3.22.RELEASE.jar:/home/henrique/.m2/repository/mysql/mysql-connector-java/5.1.47/mysql-connector-java-5.1.47.jar:/home/henrique/.m2/repository/org/springframework/security/spring-security-config/4.2.11.RELEASE/spring-security-config-4.2.11.RELEASE.jar:/home/henrique/.m2/repository/aopalliance/aopalliance/1.0/aopalliance-1.0.jar:/home/henrique/.m2/repository/org/springframework/spring-beans/4.3.22.RELEASE/spring-beans-4.3.22.RELEASE.jar:/home/henrique/.m2/repository/org/springframework/spring-context/4.3.22.RELEASE/spring-context-4.3.22.RELEASE.jar:/home/henrique/.m2/repository/org/springframework/security/spring-security-web/4.2.11.RELEASE/spring-security-web-4.2.11.RELEASE.jar:/home/henrique/.m2/repository/org/springframework/spring-expression/4.3.22.RELEASE/spring-expression-4.3.22.RELEASE.jar:/home/henrique/.m2/repository/junit/junit/4.12/junit-4.12.jar:/home/henrique/.m2/repository/org/springframework/spring-test/4.3.22.RELEASE/spring-test-4.3.22.RELEASE.jar:/home/henrique/.m2/repository/org/springframework/boot/spring-boot-test-autoconfigure/1.5.19.RELEASE/spring-boot-test-autoconfigure-1.5.19.RELEASE.jar:/home/henrique/.m2/repository/org/assertj/assertj-core/2.6.0/assertj-core-2.6.0.jar:/home/henrique/.m2/repository/io/jsonwebtoken/jjwt/0.7.0/jjwt-0.7.0.jar:, user.name=henrique, java.vm.specification.version=1.8, sun.java.command=/home/henrique/SpringBoot/SpringBoot2/target/surefire/surefirebooter1202776271071746198.jar /home/henrique/SpringBoot/SpringBoot2/target/surefire/surefire7487224616689652327tmp /home/henrique/SpringBoot/SpringBoot2/target/surefire/surefire_08583469501395763665tmp, java.home=/usr/local/jdk1.8.0_111/jre, sun.arch.data.model=64, user.language=pt, java.specification.vendor=Oracle Corporation, awt.toolkit=sun.awt.X11.XToolkit, java.vm.info=mixed mode, java.version=1.8.0_111, java.ext.dirs=/usr/local/jdk1.8.0_111/jre/lib/ext:/usr/java/packages/lib/ext, sun.boot.class.path=/usr/local/jdk1.8.0_111/jre/lib/resources.jar:/usr/local/jdk1.8.0_111/jre/lib/rt.jar:/usr/local/jdk1.8.0_111/jre/lib/sunrsasign.jar:/usr/local/jdk1.8.0_111/jre/lib/jsse.jar:/usr/local/jdk1.8.0_111/jre/lib/jce.jar:/usr/local/jdk1.8.0_111/jre/lib/charsets.jar:/usr/local/jdk1.8.0_111/jre/lib/jfr.jar:/usr/local/jdk1.8.0_111/jre/classes, java.vendor=Oracle Corporation, localRepository=/home/henrique/.m2/repository, file.separator=/, java.vendor.url.bug=http://bugreport.sun.com/bugreport/, sun.io.unicode.encoding=UnicodeLittle, sun.cpu.endian=little, sun.desktop=gnome, sun.cpu.isalist=}}, SystemEnvironmentPropertySource@63468833 {name='systemEnvironment', properties={PATH=/usr/local/sbin:/usr/local/bin:/usr/sbin:/usr/bin:/sbin:/bin:/usr/games:/usr/local/games:/snap/bin, XAUTHORITY=/run/user/1000/gdm/Xauthority, XMODIFIERS=@im=ibus, XDG_DATA_DIRS=/usr/share/ubuntu:/usr/local/share:/usr/share:/var/lib/snapd/desktop, GDMSESSION=ubuntu, MANDATORY_PATH=/usr/share/gconf/ubuntu.mandatory.path, TEXTDOMAINDIR=/usr/share/locale/, GTK_IM_MODULE=ibus, DBUS_SESSION_BUS_ADDRESS=unix:path=/run/user/1000/bus, DEFAULTS_PATH=/usr/share/gconf/ubuntu.default.path, XDG_CURRENT_DESKTOP=ubuntu:GNOME, NB_EXEC_MAVEN_PROCESS_UUID=294351b2-ab1e-40b0-b659-1fed86f29478, SSH_AGENT_PID=10697, LD_LIBRARY_PATH=/usr/local/jdk1.8.0_111/jre/lib/amd64:/usr/local/jdk1.8.0_111/jre/lib/i386:, QT4_IM_MODULE=xim, SESSION_MANAGER=local/henrique:@/tmp/.ICE-unix/10592,unix/henrique:/tmp/.ICE-unix/10592, USERNAME=henrique, LOGNAME=henrique, PWD=/home/henrique/SpringBoot/SpringBoot2, IM_CONFIG_PHASE=2, LANGUAGE=pt_BR:pt:en, SHELL=/bin/bash, GIO_LAUNCHED_DESKTOP_FILE=/home/henrique/Área de Trabalho/netbeans-8.0.1.desktop, OLDPWD=/home/henrique/SpringBoot/SpringBoot2, GNOME_DESKTOP_SESSION_ID=this-is-deprecated, GTK_MODULES=gail:atk-bridge, CLUTTER_IM_MODULE=xim, TEXTDOMAIN=im-config, M2_HOME=/home/henrique/netbeans-8.0.1/java/maven, XDG_SESSION_DESKTOP=ubuntu, SHLVL=1, J2D_PIXMAPS=shared, QT_IM_MODULE=xim, JAVA_HOME=/usr/local/jdk1.8.0_111, XDG_CONFIG_DIRS=/etc/xdg/xdg-ubuntu:/etc/xdg, XFILESEARCHPATH=/usr/dt/app-defaults/%L/Dt, LANG=pt_BR.UTF-8, XDG_SESSION_ID=2, XDG_SESSION_TYPE=x11, DISPLAY=:0, netbeansProjectMappings=, _=/usr/local/jdk1.8.0_111/bin/java, GPG_AGENT_INFO=/run/user/1000/gnupg/S.gpg-agent:0:1, DESKTOP_SESSION=ubuntu, USER=henrique, XDG_MENU_PREFIX=gnome-, GIO_LAUNCHED_DESKTOP_FILE_PID=13152, QT_ACCESSIBILITY=1, WINDOWPATH=2, SSH_AUTH_SOCK=/run/user/1000/keyring/ssh, XDG_SEAT=seat0, NLSPATH=/usr/dt/lib/nls/msg/%L/%N.cat, GNOME_SHELL_SESSION_MODE=ubuntu, XDG_VTNR=2, XDG_RUNTIME_DIR=/run/user/1000, HOME=/home/henrique}}]
10:38:34.029 [main] DEBUG org.springframework.core.io.support.PathMatchingResourcePatternResolver - Resolved classpath location [br/com/devdojo/] to resources [URL [file:/home/henrique/SpringBoot/SpringBoot2/target/test-classes/br/com/devdojo/], URL [file:/home/henrique/SpringBoot/SpringBoot2/target/classes/br/com/devdojo/]]
10:38:34.030 [main] DEBUG org.springframework.core.io.support.PathMatchingResourcePatternResolver - Looking for matching resources in directory tree [/home/henrique/SpringBoot/SpringBoot2/target/test-classes/br/com/devdojo]
10:38:34.030 [main] DEBUG org.springframework.core.io.support.PathMatchingResourcePatternResolver - Searching directory [/home/henrique/SpringBoot/SpringBoot2/target/test-classes/br/com/devdojo] for files matching pattern [/home/henrique/SpringBoot/SpringBoot2/target/test-classes/br/com/devdojo/*.class]
10:38:34.031 [main] DEBUG org.springframework.core.io.support.PathMatchingResourcePatternResolver - Looking for matching resources in directory tree [/home/henrique/SpringBoot/SpringBoot2/target/classes/br/com/devdojo]
10:38:34.032 [main] DEBUG org.springframework.core.io.support.PathMatchingResourcePatternResolver - Searching directory [/home/henrique/SpringBoot/SpringBoot2/target/classes/br/com/devdojo] for files matching pattern [/home/henrique/SpringBoot/SpringBoot2/target/classes/br/com/devdojo/*.class]
10:38:34.032 [main] DEBUG org.springframework.core.io.support.PathMatchingResourcePatternResolver - Resolved location pattern [classpath*:br/com/devdojo/*.class] to resources [file [/home/henrique/SpringBoot/SpringBoot2/target/test-classes/br/com/devdojo/StudentEndpointTest$Config.class], file [/home/henrique/SpringBoot/SpringBoot2/target/test-classes/br/com/devdojo/StudentEndpointTest.class], file [/home/henrique/SpringBoot/SpringBoot2/target/test-classes/br/com/devdojo/StudentRepositoryTest.class]]
10:38:34.043 [main] DEBUG org.springframework.core.io.support.PathMatchingResourcePatternResolver - Resolved classpath location [br/com/] to resources [URL [file:/home/henrique/SpringBoot/SpringBoot2/target/test-classes/br/com/], URL [file:/home/henrique/SpringBoot/SpringBoot2/target/classes/br/com/]]
10:38:34.044 [main] DEBUG org.springframework.core.io.support.PathMatchingResourcePatternResolver - Looking for matching resources in directory tree [/home/henrique/SpringBoot/SpringBoot2/target/test-classes/br/com]
10:38:34.044 [main] DEBUG org.springframework.core.io.support.PathMatchingResourcePatternResolver - Searching directory [/home/henrique/SpringBoot/SpringBoot2/target/test-classes/br/com] for files matching pattern [/home/henrique/SpringBoot/SpringBoot2/target/test-classes/br/com/*.class]
10:38:34.044 [main] DEBUG org.springframework.core.io.support.PathMatchingResourcePatternResolver - Looking for matching resources in directory tree [/home/henrique/SpringBoot/SpringBoot2/target/classes/br/com]
10:38:34.045 [main] DEBUG org.springframework.core.io.support.PathMatchingResourcePatternResolver - Searching directory [/home/henrique/SpringBoot/SpringBoot2/target/classes/br/com] for files matching pattern [/home/henrique/SpringBoot/SpringBoot2/target/classes/br/com/*.class]
10:38:34.045 [main] DEBUG org.springframework.core.io.support.PathMatchingResourcePatternResolver - Resolved location pattern [classpath*:br/com/*.class] to resources []
10:38:34.045 [main] DEBUG org.springframework.core.io.support.PathMatchingResourcePatternResolver - Resolved classpath location [br/] to resources [URL [file:/home/henrique/SpringBoot/SpringBoot2/target/test-classes/br/], URL [file:/home/henrique/SpringBoot/SpringBoot2/target/classes/br/]]
10:38:34.046 [main] DEBUG org.springframework.core.io.support.PathMatchingResourcePatternResolver - Looking for matching resources in directory tree [/home/henrique/SpringBoot/SpringBoot2/target/test-classes/br]
10:38:34.046 [main] DEBUG org.springframework.core.io.support.PathMatchingResourcePatternResolver - Searching directory [/home/henrique/SpringBoot/SpringBoot2/target/test-classes/br] for files matching pattern [/home/henrique/SpringBoot/SpringBoot2/target/test-classes/br/*.class]
10:38:34.046 [main] DEBUG org.springframework.core.io.support.PathMatchingResourcePatternResolver - Looking for matching resources in directory tree [/home/henrique/SpringBoot/SpringBoot2/target/classes/br]
10:38:34.046 [main] DEBUG org.springframework.core.io.support.PathMatchingResourcePatternResolver - Searching directory [/home/henrique/SpringBoot/SpringBoot2/target/classes/br] for files matching pattern [/home/henrique/SpringBoot/SpringBoot2/target/classes/br/*.class]
10:38:34.047 [main] DEBUG org.springframework.core.io.support.PathMatchingResourcePatternResolver - Resolved location pattern [classpath*:br/*.class] to resources []
]]></system-out>
  </testcase>
</testsuite>